bib1
Avvio Server
Avvio i Worker
Registrazione segnali di terminazione
Worker 16584 avviato
Terminazione Server
bib1
Avvio Server
Avvio i Worker
Registrazione segnali di terminazione
Worker 16778 avviato
bib3
Avvio Server
Avvio i Worker
Registrazione segnali di terminazione
bib2
Avvio Server
Avvio i Worker
Registrazione segnali di terminazione
Worker 16783 avviato
Worker 16781 avviato
bib4
Avvio Server
Avvio i Worker
Registrazione segnali di terminazione
Worker 16782 avviato
Worker 16785 avviato
Worker 16786 avviato
bib5
Avvio Server
Avvio i Worker
Registrazione segnali di terminazione
Worker 16787 avviato
Worker 16788 avviato
Worker 16795 avviato
Worker 16794 avviato
Worker 16789 avviato
Worker 16790 avviato
Worker 16793 avviato
Worker 16792 avviato
Worker 16791 avviato
Terminazione Server
Terminazione Server
Terminazione Server
Terminazione Server
Terminazione Server
bib2
bib1
Avvio Server
Avvio i Worker
Registrazione segnali di terminazione
Avvio Server
Worker 17683 avviato
Avvio i Worker
Registrazione segnali di terminazione
Worker 17684 avviato
Worker 17685 avviato
bib3
Avvio Server
Avvio i Worker
Registrazione segnali di terminazione
Worker 17689 avviato
bib4
Avvio Server
Avvio i Worker
Registrazione segnali di terminazione
bib5
Avvio Server
Avvio i Worker
Registrazione segnali di terminazione
Worker 17699 avviato
Worker 17700 avviato
Worker 17687 avviato
Worker 17698 avviato
Worker 17697 avviato
Worker 17688 avviato
Worker 17696 avviato
Worker 17694 avviato
Worker 17695 avviato
Worker 17693 avviato
Worker 17692 avviato
Terminazione Server
Terminazione Server
Terminazione Server
Terminazione Server
Terminazione Server
bib1
Avvio Server
Avvio i Worker
Registrazione segnali di terminazione
Worker 22325 avviato
bib2
Avvio Server
Avvio i Worker
Registrazione segnali di terminazione
bib3
Avvio Server
Avvio i Worker
Registrazione segnali di terminazione
bib4
Avvio Server
Avvio i Worker
Worker 22331 avviato
Worker 22326 avviato
Worker 22327 avviato
Registrazione segnali di terminazione
Worker 22330 avviato
Worker 22336 avviato
Worker 22335 avviato
bib5
Avvio Server
Avvio i Worker
Registrazione segnali di terminazione
Worker 22329 avviato
Worker 22334 avviato
Worker 22333 avviato
Worker 22338 avviato
Worker 22339 avviato
Worker 22340 avviato
Worker 22341 avviato
Worker 22342 avviato
Terminazione Server
Terminazione Server
Terminazione Server
Terminazione Server
Terminazione Server
